#
# A fatal error has been detected by the Java Runtime Environment:
#
#  EXCEPTION_ACCESS_VIOLATION (0xc0000005) at pc=0x06245b46, pid=5160, tid=5300
#
# JRE version: Java(TM) SE Runtime Environment (7.0_71-b14) (build 1.7.0_71-b14)
# Java VM: Java HotSpot(TM) Client VM (24.71-b01 mixed mode, sharing windows-x86 )
# Problematic frame:
# C  [dsj.dll+0x35b46]
#
# Failed to write core dump. Minidumps are not enabled by default on client versions of Windows
#
# If you would like to submit a bug report, please visit:
#   http://bugreport.sun.com/bugreport/crash.jsp
# The crash happened outside the Java Virtual Machine in native code.
# See problematic frame for where to report the bug.
#

---------------  T H R E A D  ---------------

Current thread (0x04cb8800):  JavaThread "AWT-EventQueue-0" [_thread_in_native, id=5300, stack(0x05c20000,0x05c70000)]

siginfo: ExceptionCode=0xc0000005, reading address 0x1b121100

Registers:
EAX=0x1b121100, EBX=0x3471fb18, ECX=0x6130852a, EDX=0x616a9af4
ESP=0x05c6e8ac, EBP=0x06d02da0, ESI=0x04cb8930, EDI=0x05c6e9c8
EIP=0x06245b46, EFLAGS=0x00010202

Top of Stack: (sp=0x05c6e8ac)
0x05c6e8ac:   59e5aef4 05c6e9c8 04cb8930 06d02da0
0x05c6e8bc:   3471fb18 613086af 021b6130 613086ee
0x05c6e8cc:   5ef541f5 05c6e9c8 04cb8930 3471fb18
0x05c6e8dc:   05a14c90 05c6e8cc 05c6e914 61343cea
0x05c6e8ec:   00000000 613086ee 61308748 04cb8930
0x05c6e8fc:   61308767 5ef54025 05c6e9c8 04cb8930
0x05c6e90c:   3471fb18 59e5ae84 05c6ec90 062c279b
0x05c6e91c:   ffffffff 0625ee87 05a14c94 ffd6d9df 

Instructions: (pc=0x06245b46)
0x06245b26:   85 78 03 00 00 8b 48 0c 50 ff d1 80 bd af 00 00
0x06245b36:   00 00 89 85 7c 03 00 00 8b 00 89 85 80 03 00 00
0x06245b46:   8b 00 89 85 ac 02 00 00 0f 84 86 00 00 00 8b 95
0x06245b56:   10 03 00 00 8b 8d 08 03 00 00 52 8b 94 24 80 00 


Register to memory mapping:

EAX=0x1b121100 is an unknown value
EBX=0x3471fb18 is an oop
{method} 
 - klass: {other class}
ECX=0x6130852a is an unknown value
EDX=0x616a9af4 is an unknown value
ESP=0x05c6e8ac is pointing into the stack for thread: 0x04cb8800
EBP=0x06d02da0 is an unknown value
ESI=0x04cb8930 is an unknown value
EDI=0x05c6e9c8 is pointing into the stack for thread: 0x04cb8800


Stack: [0x05c20000,0x05c70000],  sp=0x05c6e8ac,  free space=314k
Native frames: (J=compiled Java code, j=interpreted, Vv=VM code, C=native code)
C  [dsj.dll+0x35b46]

Java frames: (J=compiled Java code, j=interpreted, Vv=VM code)
j  de.humatic.dsj.rc.RendererControls.nativeSetOverlay(JLde/humatic/dsj/DSFiltergraph;[B[IJFII)Z+0
j  de.humatic.dsj.rc.DirectDrawControls.setOverlayImage(Ljava/awt/image/BufferedImage;[ILjava/awt/Color;F)Z+479
j  javacode.QRReader.actionPerformed(Ljava/awt/event/ActionEvent;)V+223
j  javax.swing.Timer.fireActionPerformed(Ljava/awt/event/ActionEvent;)V+35
j  javax.swing.Timer$DoPostEvent.run()V+74
j  java.awt.event.InvocationEvent.dispatch()V+47
j  java.awt.EventQueue.dispatchEventImpl(Ljava/awt/AWTEvent;Ljava/lang/Object;)V+21
j  java.awt.EventQueue.access$200(Ljava/awt/EventQueue;Ljava/awt/AWTEvent;Ljava/lang/Object;)V+3
j  java.awt.EventQueue$3.run()Ljava/lang/Void;+12
j  java.awt.EventQueue$3.run()Ljava/lang/Object;+1
v  ~StubRoutines::call_stub
j  java.security.AccessController.doPrivileged(Ljava/security/PrivilegedAction;Ljava/security/AccessControlContext;)Ljava/lang/Object;+0
j  java.security.ProtectionDomain$1.doIntersectionPrivilege(Ljava/security/PrivilegedAction;Ljava/security/AccessControlContext;Ljava/security/AccessControlContext;)Ljava/lang/Object;+28
j  java.awt.EventQueue.dispatchEvent(Ljava/awt/AWTEvent;)V+46
j  java.awt.EventDispatchThread.pumpOneEventForFilters(I)V+245
j  java.awt.EventDispatchThread.pumpEventsForFilter(ILjava/awt/Conditional;Ljava/awt/EventFilter;)V+35
j  java.awt.EventDispatchThread.pumpEventsForHierarchy(ILjava/awt/Conditional;Ljava/awt/Component;)V+11
j  java.awt.EventDispatchThread.pumpEvents(ILjava/awt/Conditional;)V+4
j  java.awt.EventDispatchThread.pumpEvents(Ljava/awt/Conditional;)V+3
j  java.awt.EventDispatchThread.run()V+9
v  ~StubRoutines::call_stub

---------------  P R O C E S S  ---------------

Java Threads: ( => current thread )
  0x05a0a400 JavaThread "TimerQueue" daemon [_thread_blocked, id=5816, stack(0x09810000,0x09860000)]
  0x05a2bc00 JavaThread "DSFiltergraph@6d02da0_RenderThread" [_thread_blocked, id=5548, stack(0x082b0000,0x08300000)]
  0x05998800 JavaThread "DSFiltergraph@6d02da0_DispatchThread" [_thread_blocked, id=3308, stack(0x06d10000,0x06d60000)]
  0x0223c000 JavaThread "DestroyJavaVM" [_thread_blocked, id=1192, stack(0x02450000,0x024a0000)]
=>0x04cb8800 JavaThread "AWT-EventQueue-0" [_thread_in_native, id=5300, stack(0x05c20000,0x05c70000)]
  0x0588f800 JavaThread "AWT-Shutdown" [_thread_blocked, id=4816, stack(0x05d30000,0x05d80000)]
  0x04ccd400 JavaThread "AWT-Windows" daemon [_thread_in_native, id=4612, stack(0x04ff0000,0x05040000)]
  0x04cb7c00 JavaThread "Java2D Disposer" daemon [_thread_blocked, id=3096, stack(0x04f10000,0x04f60000)]
  0x021be400 JavaThread "Service Thread" daemon [_thread_blocked, id=5608, stack(0x04890000,0x048e0000)]
  0x021ba800 JavaThread "C1 CompilerThread0" daemon [_thread_blocked, id=5524, stack(0x02380000,0x023d0000)]
  0x021b9c00 JavaThread "Attach Listener" daemon [_thread_blocked, id=4184, stack(0x04a00000,0x04a50000)]
  0x021b7400 JavaThread "Signal Dispatcher" daemon [_thread_blocked, id=2468, stack(0x047f0000,0x04840000)]
  0x0213fc00 JavaThread "Finalizer" daemon [_thread_blocked, id=5152, stack(0x045b0000,0x04600000)]
  0x0213e400 JavaThread "Reference Handler" daemon [_thread_blocked, id=4824, stack(0x04560000,0x045b0000)]

Other Threads:
  0x0213cc00 VMThread [stack: 0x044b0000,0x04500000] [id=4928]
  0x021c9c00 WatcherThread [stack: 0x04760000,0x047b0000] [id=4232]

VM state:not at safepoint (normal execution)

VM Mutex/Monitor currently owned by a thread: None

Heap
 def new generation   total 4928K, used 3426K [0x24200000, 0x24750000, 0x29750000)
  eden space 4416K,  68% used [0x24200000, 0x244f4960, 0x24650000)
  from space 512K,  78% used [0x24650000, 0x246b4048, 0x246d0000)
  to   space 512K,   0% used [0x246d0000, 0x246d0000, 0x24750000)
 tenured generation   total 10944K, used 9194K [0x29750000, 0x2a200000, 0x34200000)
   the space 10944K,  84% used [0x29750000, 0x2a04aaa0, 0x2a04ac00, 0x2a200000)
 compacting perm gen  total 12288K, used 5597K [0x34200000, 0x34e00000, 0x38200000)
   the space 12288K,  45% used [0x34200000, 0x34777640, 0x34777800, 0x34e00000)
    ro space 10240K,  44% used [0x38200000, 0x3867aee0, 0x3867b000, 0x38c00000)
    rw space 12288K,  52% used [0x38c00000, 0x39242e10, 0x39243000, 0x39800000)

Card table byte_map: [0x022c0000,0x02370000] byte_map_base: 0x0219f000

Polling page: 0x00190000

Code Cache  [0x024a0000, 0x025d8000, 0x044a0000)
 total_blobs=648 nmethods=394 adapters=191 free_code_cache=31543Kb largest_free_block=32295744

Compilation events (10 events):
Event: 18.243 Thread 0x021ba800  394  s          java.util.Vector::get (23 bytes)
Event: 18.243 Thread 0x021ba800 nmethod 394 0x025a92c8 code [0x025a93d0, 0x025a962c]
Event: 19.648 Thread 0x021ba800  395             java.lang.Thread::interrupted (8 bytes)
Event: 19.648 Thread 0x021ba800 nmethod 395 0x025a90c8 code [0x025a91c0, 0x025a925c]
Event: 21.466 Thread 0x021ba800  396             java.awt.image.SampleModel::getNumBands (5 bytes)
Event: 21.466 Thread 0x021ba800 nmethod 396 0x025a8f08 code [0x025a9000, 0x025a9080]
Event: 21.594 Thread 0x021ba800  397             sun.font.FontDesignMetrics::getLatinCharWidth (29 bytes)
Event: 21.595 Thread 0x021ba800 nmethod 397 0x025a8b88 code [0x025a8cb0, 0x025a8dbc]
Event: 21.604 Thread 0x021ba800  398             java.util.EventObject::getSource (5 bytes)
Event: 21.605 Thread 0x021ba800 nmethod 398 0x025a89c8 code [0x025a8ac0, 0x025a8b40]

GC Heap History (10 events):
Event: 18.038 GC heap before
{Heap before GC invocations=25 (full 0):
 def new generation   total 4928K, used 4501K [0x24200000, 0x24750000, 0x29750000)
  eden space 4416K,  92% used [0x24200000, 0x24601730, 0x24650000)
  from space 512K,  78% used [0x246d0000, 0x24734048, 0x24750000)
  to   space 512K,   0% used [0x24650000, 0x24650000, 0x246d0000)
 tenured generation   total 10944K, used 9194K [0x29750000, 0x2a200000, 0x34200000)
   the space 10944K,  84% used [0x29750000, 0x2a04a9b0, 0x2a04aa00, 0x2a200000)
 compacting perm gen  total 12288K, used 5566K [0x34200000, 0x34e00000, 0x38200000)
   the space 12288K,  45% used [0x34200000, 0x3476f868, 0x3476fa00, 0x34e00000)
    ro space 10240K,  44% used [0x38200000, 0x3867aee0, 0x3867b000, 0x38c00000)
    rw space 12288K,  52% used [0x38c00000, 0x39242e10, 0x39243000, 0x39800000)
Event: 18.040 GC heap after
Heap after GC invocations=26 (full 0):
 def new generation   total 4928K, used 400K [0x24200000, 0x24750000, 0x29750000)
  eden space 4416K,   0% used [0x24200000, 0x24200000, 0x24650000)
  from space 512K,  78% used [0x24650000, 0x246b4048, 0x246d0000)
  to   space 512K,   0% used [0x246d0000, 0x246d0000, 0x24750000)
 tenured generation   total 10944K, used 9194K [0x29750000, 0x2a200000, 0x34200000)
   the space 10944K,  84% used [0x29750000, 0x2a04a9e0, 0x2a04aa00, 0x2a200000)
 compacting perm gen  total 12288K, used 5566K [0x34200000, 0x34e00000, 0x38200000)
   the space 12288K,  45% used [0x34200000, 0x3476f868, 0x3476fa00, 0x34e00000)
    ro space 10240K,  44% used [0x38200000, 0x3867aee0, 0x3867b000, 0x38c00000)
    rw space 12288K,  52% used [0x38c00000, 0x39242e10, 0x39243000, 0x39800000)
}
Event: 19.078 GC heap before
{Heap before GC invocations=26 (full 0):
 def new generation   total 4928K, used 4501K [0x24200000, 0x24750000, 0x29750000)
  eden space 4416K,  92% used [0x24200000, 0x24601438, 0x24650000)
  from space 512K,  78% used [0x24650000, 0x246b4048, 0x246d0000)
  to   space 512K,   0% used [0x246d0000, 0x246d0000, 0x24750000)
 tenured generation   total 10944K, used 9194K [0x29750000, 0x2a200000, 0x34200000)
   the space 10944K,  84% used [0x29750000, 0x2a04a9e0, 0x2a04aa00, 0x2a200000)
 compacting perm gen  total 12288K, used 5566K [0x34200000, 0x34e00000, 0x38200000)
   the space 12288K,  45% used [0x34200000, 0x3476f868, 0x3476fa00, 0x34e00000)
    ro space 10240K,  44% used [0x38200000, 0x3867aee0, 0x3867b000, 0x38c00000)
    rw space 12288K,  52% used [0x38c00000, 0x39242e10, 0x39243000, 0x39800000)
Event: 19.080 GC heap after
Heap after GC invocations=27 (full 0):
 def new generation   total 4928K, used 400K [0x24200000, 0x24750000, 0x29750000)
  eden space 4416K,   0% used [0x24200000, 0x24200000, 0x24650000)
  from space 512K,  78% used [0x246d0000, 0x24734048, 0x24750000)
  to   space 512K,   0% used [0x24650000, 0x24650000, 0x246d0000)
 tenured generation   total 10944K, used 9194K [0x29750000, 0x2a200000, 0x34200000)
   the space 10944K,  84% used [0x29750000, 0x2a04aa10, 0x2a04ac00, 0x2a200000)
 compacting perm gen  total 12288K, used 5566K [0x34200000, 0x34e00000, 0x38200000)
   the space 12288K,  45% used [0x34200000, 0x3476f868, 0x3476fa00, 0x34e00000)
    ro space 10240K,  44% used [0x38200000, 0x3867aee0, 0x3867b000, 0x38c00000)
    rw space 12288K,  52% used [0x38c00000, 0x39242e10, 0x39243000, 0x39800000)
}
Event: 20.089 GC heap before
{Heap before GC invocations=27 (full 0):
 def new generation   total 4928K, used 4501K [0x24200000, 0x24750000, 0x29750000)
  eden space 4416K,  92% used [0x24200000, 0x246013c8, 0x24650000)
  from space 512K,  78% used [0x246d0000, 0x24734048, 0x24750000)
  to   space 512K,   0% used [0x24650000, 0x24650000, 0x246d0000)
 tenured generation   total 10944K, used 9194K [0x29750000, 0x2a200000, 0x34200000)
   the space 10944K,  84% used [0x29750000, 0x2a04aa10, 0x2a04ac00, 0x2a200000)
 compacting perm gen  total 12288K, used 5566K [0x34200000, 0x34e00000, 0x38200000)
   the space 12288K,  45% used [0x34200000, 0x3476f868, 0x3476fa00, 0x34e00000)
    ro space 10240K,  44% used [0x38200000, 0x3867aee0, 0x3867b000, 0x38c00000)
    rw space 12288K,  52% used [0x38c00000, 0x39242e10, 0x39243000, 0x39800000)
Event: 20.090 GC heap after
Heap after GC invocations=28 (full 0):
 def new generation   total 4928K, used 400K [0x24200000, 0x24750000, 0x29750000)
  eden space 4416K,   0% used [0x24200000, 0x24200000, 0x24650000)
  from space 512K,  78% used [0x24650000, 0x246b4048, 0x246d0000)
  to   space 512K,   0% used [0x246d0000, 0x246d0000, 0x24750000)
 tenured generation   total 10944K, used 9194K [0x29750000, 0x2a200000, 0x34200000)
   the space 10944K,  84% used [0x29750000, 0x2a04aa40, 0x2a04ac00, 0x2a200000)
 compacting perm gen  total 12288K, used 5566K [0x34200000, 0x34e00000, 0x38200000)
   the space 12288K,  45% used [0x34200000, 0x3476f868, 0x3476fa00, 0x34e00000)
    ro space 10240K,  44% used [0x38200000, 0x3867aee0, 0x3867b000, 0x38c00000)
    rw space 12288K,  52% used [0x38c00000, 0x39242e10, 0x39243000, 0x39800000)
}
Event: 20.886 GC heap before
{Heap before GC invocations=28 (full 0):
 def new generation   total 4928K, used 4500K [0x24200000, 0x24750000, 0x29750000)
  eden space 4416K,  92% used [0x24200000, 0x24601250, 0x24650000)
  from space 512K,  78% used [0x24650000, 0x246b4048, 0x246d0000)
  to   space 512K,   0% used [0x246d0000, 0x246d0000, 0x24750000)
 tenured generation   total 10944K, used 9194K [0x29750000, 0x2a200000, 0x34200000)
   the space 10944K,  84% used [0x29750000, 0x2a04aa40, 0x2a04ac00, 0x2a200000)
 compacting perm gen  total 12288K, used 5566K [0x34200000, 0x34e00000, 0x38200000)
   the space 12288K,  45% used [0x34200000, 0x3476f868, 0x3476fa00, 0x34e00000)
    ro space 10240K,  44% used [0x38200000, 0x3867aee0, 0x3867b000, 0x38c00000)
    rw space 12288K,  52% used [0x38c00000, 0x39242e10, 0x39243000, 0x39800000)
Event: 20.887 GC heap after
Heap after GC invocations=29 (full 0):
 def new generation   total 4928K, used 400K [0x24200000, 0x24750000, 0x29750000)
  eden space 4416K,   0% used [0x24200000, 0x24200000, 0x24650000)
  from space 512K,  78% used [0x246d0000, 0x24734048, 0x24750000)
  to   space 512K,   0% used [0x24650000, 0x24650000, 0x246d0000)
 tenured generation   total 10944K, used 9194K [0x29750000, 0x2a200000, 0x34200000)
   the space 10944K,  84% used [0x29750000, 0x2a04aa70, 0x2a04ac00, 0x2a200000)
 compacting perm gen  total 12288K, used 5566K [0x34200000, 0x34e00000, 0x38200000)
   the space 12288K,  45% used [0x34200000, 0x3476f868, 0x3476fa00, 0x34e00000)
    ro space 10240K,  44% used [0x38200000, 0x3867aee0, 0x3867b000, 0x38c00000)
    rw space 12288K,  52% used [0x38c00000, 0x39242e10, 0x39243000, 0x39800000)
}
Event: 21.387 GC heap before
{Heap before GC invocations=29 (full 0):
 def new generation   total 4928K, used 4498K [0x24200000, 0x24750000, 0x29750000)
  eden space 4416K,  92% used [0x24200000, 0x24600a10, 0x24650000)
  from space 512K,  78% used [0x246d0000, 0x24734048, 0x24750000)
  to   space 512K,   0% used [0x24650000, 0x24650000, 0x246d0000)
 tenured generation   total 10944K, used 9194K [0x29750000, 0x2a200000, 0x34200000)
   the space 10944K,  84% used [0x29750000, 0x2a04aa70, 0x2a04ac00, 0x2a200000)
 compacting perm gen  total 12288K, used 5566K [0x34200000, 0x34e00000, 0x38200000)
   the space 12288K,  45% used [0x34200000, 0x3476f868, 0x3476fa00, 0x34e00000)
    ro space 10240K,  44% used [0x38200000, 0x3867aee0, 0x3867b000, 0x38c00000)
    rw space 12288K,  52% used [0x38c00000, 0x39242e10, 0x39243000, 0x39800000)
Event: 21.388 GC heap after
Heap after GC invocations=30 (full 0):
 def new generation   total 4928K, used 400K [0x24200000, 0x24750000, 0x29750000)
  eden space 4416K,   0% used [0x24200000, 0x24200000, 0x24650000)
  from space 512K,  78% used [0x24650000, 0x246b4048, 0x246d0000)
  to   space 512K,   0% used [0x246d0000, 0x246d0000, 0x24750000)
 tenured generation   total 10944K, used 9194K [0x29750000, 0x2a200000, 0x34200000)
   the space 10944K,  84% used [0x29750000, 0x2a04aaa0, 0x2a04ac00, 0x2a200000)
 compacting perm gen  total 12288K, used 5566K [0x34200000, 0x34e00000, 0x38200000)
   the space 12288K,  45% used [0x34200000, 0x3476f868, 0x3476fa00, 0x34e00000)
    ro space 10240K,  44% used [0x38200000, 0x3867aee0, 0x3867b000, 0x38c00000)
    rw space 12288K,  52% used [0x38c00000, 0x39242e10, 0x39243000, 0x39800000)
}

Deoptimization events (0 events):
No events

Internal exceptions (10 events):
Event: 5.749 Thread 0x04cb8800 Threw 0x244d1a90 at C:\re\jdk7u71\1605\hotspot\src\share\vm\prims\jvm.cpp:1281
Event: 5.753 Thread 0x04cb8800 Threw 0x244d5800 at C:\re\jdk7u71\1605\hotspot\src\share\vm\prims\jvm.cpp:1281
Event: 5.755 Thread 0x04cb8800 Threw 0x244db018 at C:\re\jdk7u71\1605\hotspot\src\share\vm\prims\jvm.cpp:1281
Event: 21.584 Thread 0x04cb8800 Threw 0x24334c20 at C:\re\jdk7u71\1605\hotspot\src\share\vm\prims\jvm.cpp:1281
Event: 21.609 Thread 0x04cb8800 Threw 0x244d2508 at C:\re\jdk7u71\1605\hotspot\src\share\vm\prims\jvm.cpp:1281
Event: 21.610 Thread 0x04cb8800 Threw 0x244d7148 at C:\re\jdk7u71\1605\hotspot\src\share\vm\prims\jvm.cpp:1281
Event: 21.611 Thread 0x04cb8800 Threw 0x244da278 at C:\re\jdk7u71\1605\hotspot\src\share\vm\prims\jvm.cpp:1281
Event: 21.612 Thread 0x04cb8800 Threw 0x244e08a0 at C:\re\jdk7u71\1605\hotspot\src\share\vm\prims\jvm.cpp:1281
Event: 21.614 Thread 0x04cb8800 Threw 0x244e9f70 at C:\re\jdk7u71\1605\hotspot\src\share\vm\prims\jvm.cpp:1281
Event: 21.615 Thread 0x04cb8800 Threw 0x244ecb38 at C:\re\jdk7u71\1605\hotspot\src\share\vm\prims\jvm.cpp:1281

Events (10 events):
Event: 21.610 loading class 0x059a0020
Event: 21.610 loading class 0x059a0020 done
Event: 21.611 loading class 0x0599ffb0
Event: 21.611 loading class 0x0599ffb0 done
Event: 21.612 loading class 0x05a06e00
Event: 21.612 loading class 0x05a06e00 done
Event: 21.614 loading class 0x0599ffe8
Event: 21.614 loading class 0x0599ffe8 done
Event: 21.615 loading class 0x05a06c20
Event: 21.615 loading class 0x05a06c20 done


Dynamic libraries:
0x00b50000 - 0x00b7f000 	C:\Program Files (x86)\Java\jdk1.7.0_71\bin\javaw.exe
0x775a0000 - 0x77720000 	C:\Windows\SysWOW64\ntdll.dll
0x75160000 - 0x75270000 	C:\Windows\syswow64\kernel32.dll
0x769f0000 - 0x76a36000 	C:\Windows\syswow64\KERNELBASE.dll
0x76730000 - 0x767d0000 	C:\Windows\syswow64\ADVAPI32.dll
0x75750000 - 0x757fc000 	C:\Windows\syswow64\msvcrt.dll
0x76850000 - 0x76869000 	C:\Windows\SysWOW64\sechost.dll
0x76870000 - 0x76960000 	C:\Windows\syswow64\RPCRT4.dll
0x75100000 - 0x75160000 	C:\Windows\syswow64\SspiCli.dll
0x750f0000 - 0x750fc000 	C:\Windows\syswow64\CRYPTBASE.dll
0x75650000 - 0x75750000 	C:\Windows\syswow64\USER32.dll
0x75330000 - 0x753c0000 	C:\Windows\syswow64\GDI32.dll
0x753c0000 - 0x753ca000 	C:\Windows\syswow64\LPK.dll
0x755a0000 - 0x7563d000 	C:\Windows\syswow64\USP10.dll
0x72e50000 - 0x72fee000 	C:\Windows\WinSxS\x86_microsoft.windows.common-controls_6595b64144ccf1df_6.0.7601.17514_none_41e6975e2bd6f2b2\COMCTL32.dll
0x76960000 - 0x769b7000 	C:\Windows\syswow64\SHLWAPI.dll
0x77060000 - 0x770c0000 	C:\Windows\system32\IMM32.DLL
0x753d0000 - 0x7549c000 	C:\Windows\syswow64\MSCTF.dll
0x6e940000 - 0x6e96c000 	c:\program files (x86)\net protector 2014\Zvfort32.dll
0x752a0000 - 0x7532f000 	C:\Windows\syswow64\OLEAUT32.dll
0x76480000 - 0x765dc000 	C:\Windows\syswow64\ole32.dll
0x71d10000 - 0x71db3000 	C:\Windows\WinSxS\x86_microsoft.vc90.crt_1fc8b3b9a1e18e3b_9.0.30729.6161_none_50934f2ebcb7eb57\MSVCR90.dll
0x61850000 - 0x6190f000 	C:\Program Files (x86)\Java\jdk1.7.0_71\jre\bin\msvcr100.dll
0x613e0000 - 0x61769000 	C:\Program Files (x86)\Java\jdk1.7.0_71\jre\bin\client\jvm.dll
0x75050000 - 0x75057000 	C:\Windows\system32\WSOCK32.dll
0x76f90000 - 0x76fc5000 	C:\Windows\syswow64\WS2_32.dll
0x76720000 - 0x76726000 	C:\Windows\syswow64\NSI.dll
0x74e40000 - 0x74e72000 	C:\Windows\system32\WINMM.dll
0x75640000 - 0x75645000 	C:\Windows\syswow64\PSAPI.DLL
0x6da20000 - 0x6da2c000 	C:\Program Files (x86)\Java\jdk1.7.0_71\jre\bin\verify.dll
0x6b270000 - 0x6b290000 	C:\Program Files (x86)\Java\jdk1.7.0_71\jre\bin\java.dll
0x6b250000 - 0x6b263000 	C:\Program Files (x86)\Java\jdk1.7.0_71\jre\bin\zip.dll
0x61290000 - 0x613d3000 	C:\Program Files (x86)\Java\jdk1.7.0_71\jre\bin\awt.dll
0x72b80000 - 0x72c00000 	C:\Windows\system32\uxtheme.dll
0x74d10000 - 0x74d23000 	C:\Windows\system32\dwmapi.dll
0x75800000 - 0x7644a000 	C:\Windows\syswow64\SHELL32.dll
0x6b1e0000 - 0x6b219000 	C:\Program Files (x86)\Java\jdk1.7.0_71\jre\bin\fontmanager.dll
0x6b230000 - 0x6b244000 	C:\Program Files (x86)\Java\jdk1.7.0_71\jre\bin\net.dll
0x74790000 - 0x747cc000 	C:\Windows\system32\mswsock.dll
0x74ac0000 - 0x74ac6000 	C:\Windows\System32\wship6.dll
0x6b220000 - 0x6b22f000 	C:\Program Files (x86)\Java\jdk1.7.0_71\jre\bin\nio.dll
0x61820000 - 0x61845000 	C:\Program Files (x86)\Java\jdk1.7.0_71\jre\bin\jpeg.dll
0x74780000 - 0x74785000 	C:\Windows\System32\wshtcpip.dll
0x6ebc0000 - 0x6ec04000 	C:\Windows\system32\DNSAPI.dll
0x73640000 - 0x7365c000 	C:\Windows\system32\IPHLPAPI.DLL
0x73940000 - 0x73947000 	C:\Windows\system32\WINNSI.DLL
0x74720000 - 0x74726000 	C:\Windows\system32\rasadhlp.dll
0x6eb80000 - 0x6ebb8000 	C:\Windows\System32\fwpuclnt.dll
0x71520000 - 0x71530000 	C:\Windows\system32\NLAapi.dll
0x6b1b0000 - 0x6b1c0000 	C:\Windows\system32\napinsp.dll
0x6b190000 - 0x6b1a2000 	C:\Windows\system32\pnrpnsp.dll
0x6b180000 - 0x6b18d000 	C:\Windows\system32\wshbth.dll
0x6b170000 - 0x6b178000 	C:\Windows\System32\winrnr.dll
0x66e60000 - 0x66e90000 	C:\Program Files (x86)\Java\jdk1.7.0_71\jre\bin\t2k.dll
0x76fd0000 - 0x77053000 	C:\Windows\syswow64\CLBCatQ.DLL
0x60fe0000 - 0x610db000 	C:\Windows\system32\WindowsCodecs.dll
0x72a50000 - 0x72a9c000 	C:\Windows\system32\apphelp.dll
0x610e0000 - 0x61111000 	C:\Windows\system32\EhStorShell.dll
0x76b60000 - 0x76cfd000 	C:\Windows\syswow64\SETUPAPI.dll
0x770c0000 - 0x770e7000 	C:\Windows\syswow64\CFGMGR32.dll
0x76450000 - 0x76462000 	C:\Windows\syswow64\DEVOBJ.dll
0x6dc00000 - 0x6dcf5000 	C:\Windows\system32\PROPSYS.dll
0x5ff10000 - 0x6031a000 	C:\PROGRA~2\MICROS~1\Office14\GROOVEEX.DLL
0x6ce40000 - 0x6cece000 	C:\Windows\WinSxS\x86_microsoft.vc90.crt_1fc8b3b9a1e18e3b_9.0.30729.6161_none_50934f2ebcb7eb57\MSVCP90.dll
0x60df0000 - 0x60e1b000 	C:\Windows\WinSxS\x86_microsoft.vc90.atl_1fc8b3b9a1e18e3b_9.0.30729.6161_none_51cd0a7abbe4e19b\ATL90.DLL
0x60320000 - 0x6072f000 	C:\PROGRA~2\COMMON~1\MICROS~1\OFFICE14\Cultures\office.odf
0x5f6a0000 - 0x5ff04000 	C:\PROGRA~2\MICROS~1\Office14\1033\GrooveIntlResource.dll
0x66e90000 - 0x66f00000 	C:\Windows\system32\ntshrui.dll
0x736f0000 - 0x73709000 	C:\Windows\system32\srvcli.dll
0x736d0000 - 0x736db000 	C:\Windows\system32\cscapi.dll
0x6da40000 - 0x6da4a000 	C:\Windows\system32\slc.dll
0x60d30000 - 0x60d54000 	C:\Program Files (x86)\Java\jdk1.7.0_71\jre\bin\dcpr.dll
0x06210000 - 0x0630a000 	F:\eclipseprog\Store App\dsj.dll
0x737a0000 - 0x737ab000 	C:\Windows\system32\msdmo.dll
0x5b3b0000 - 0x5b497000 	C:\Windows\system32\DDRAW.dll
0x66a30000 - 0x66a36000 	C:\Windows\system32\DCIMAN32.dll
0x69ef0000 - 0x6a0b3000 	C:\Windows\system32\d3d9.dll
0x73bf0000 - 0x73bf9000 	C:\Windows\system32\VERSION.dll
0x6db60000 - 0x6db66000 	C:\Windows\system32\d3d8thk.dll
0x737b0000 - 0x737bd000 	C:\Windows\system32\WTSAPI32.dll
0x60730000 - 0x60997000 	C:\Windows\system32\WMVCore.DLL
0x65d40000 - 0x65d7d000 	C:\Windows\system32\WMASF.DLL
0x74e80000 - 0x75010000 	C:\Windows\WinSxS\x86_microsoft.windows.gdiplus_6595b64144ccf1df_1.1.7601.17514_none_72d18a4386696c80\gdiplus.dll
0x6ac60000 - 0x6ac89000 	C:\Windows\system32\WINSTA.dll
0x5cbf0000 - 0x5cd67000 	C:\Windows\SysWOW64\quartz.dll
0x617a0000 - 0x617d2000 	C:\Windows\SysWOW64\qcap.dll
0x617f0000 - 0x61811000 	C:\Windows\SysWOW64\MSVFW32.dll
0x6b8c0000 - 0x6b8d4000 	C:\Windows\SysWOW64\devenum.dll
0x72aa0000 - 0x72ac1000 	C:\Windows\system32\ntmarta.dll
0x77150000 - 0x77195000 	C:\Windows\syswow64\WLDAP32.dll
0x769c0000 - 0x769ed000 	C:\Windows\syswow64\WINTRUST.dll
0x76a40000 - 0x76b5d000 	C:\Windows\syswow64\CRYPT32.dll
0x76470000 - 0x7647c000 	C:\Windows\syswow64\MSASN1.dll
0x66c40000 - 0x66c73000 	C:\Windows\SysWOW64\ksproxy.ax
0x6b8b0000 - 0x6b8b4000 	C:\Windows\SysWOW64\ksuser.dll
0x6b8a0000 - 0x6b8a9000 	C:\Windows\SysWOW64\vidcap.ax
0x66c20000 - 0x66c3d000 	C:\Windows\SysWOW64\kswdmcap.ax
0x70f60000 - 0x7107c000 	C:\Windows\SysWOW64\MFC42.dll
0x70ed0000 - 0x70f5c000 	C:\Windows\SysWOW64\ODBC32.dll
0x74da0000 - 0x74dd8000 	C:\Windows\SysWOW64\odbcint.dll
0x6ac90000 - 0x6acc9000 	C:\Windows\system32\MMDevAPI.DLL
0x5cbc0000 - 0x5cbf0000 	C:\Windows\system32\wdmaud.drv
0x617e0000 - 0x617e7000 	C:\Windows\system32\AVRT.dll
0x6acd0000 - 0x6ad06000 	C:\Windows\system32\AUDIOSES.DLL
0x60be0000 - 0x60be8000 	C:\Windows\system32\msacm32.drv
0x6b900000 - 0x6b914000 	C:\Windows\system32\MSACM32.dll
0x61120000 - 0x61127000 	C:\Windows\system32\midimap.dll
0x5b2e0000 - 0x5b3ac000 	C:\Windows\system32\D3DIM700.DLL
0x5b260000 - 0x5b2e0000 	C:\Windows\SysWOW64\qedit.dll
0x767d0000 - 0x7684b000 	C:\Windows\syswow64\COMDLG32.dll
0x5cbb0000 - 0x5cbb6000 	C:\Program Files (x86)\Java\jdk1.7.0_71\jre\bin\jawt.dll
0x04ed0000 - 0x04ef2000 	F:\eclipseprog\Store App\JNativeCpp.dll
0x65180000 - 0x651aa000 	F:\eclipseprog\Store App\libzbar-0.dll
0x66000000 - 0x660e6000 	F:\eclipseprog\Store App\libiconv-2.dll
0x5b890000 - 0x5b8a3000 	C:\Windows\system32\AVICAP32.DLL
0x5ba30000 - 0x5ba5d000 	C:\Program Files (x86)\Java\jdk1.7.0_71\jre\bin\kcms.dll
0x66f10000 - 0x66ffb000 	C:\Windows\system32\dbghelp.dll

VM Arguments:
jvm_args: -Dfile.encoding=Cp1252 
java_command: javacode.Product1
Launcher Type: SUN_STANDARD

Environment Variables:
CLASSPATH=D:\ojdbc14_g.jar;
PATH=C:\Program Files (x86)\Intel\iCLS Client\;C:\Program Files\Intel\iCLS Client\;C:\ProgramData\Oracle\Java\javapath;D:\app\sujata\product\11.2.0\dbhome_1\bin;C:\Windows\system32;C:\Windows;C:\Windows\System32\Wbem;C:\Windows\System32\WindowsPowerShell\v1.0\;C:\Program Files\Intel\Intel(R) Management Engine Components\DAL;C:\Program Files\Intel\Intel(R) Management Engine Components\IPT;C:\Program Files (x86)\Intel\Intel(R) Management Engine Components\DAL;C:\Program Files (x86)\Intel\Intel(R) Management Engine Components\IPT;c:\Program Files (x86)\Microsoft SQL Server\100\Tools\Binn\;c:\Program Files\Microsoft SQL Server\100\Tools\Binn\;c:\Program Files\Microsoft SQL Server\100\DTS\Binn\;c:\Program Files (x86)\Microsoft SQL Server\100\Tools\Binn\VSShell\Common7\IDE\;c:\Program Files (x86)\Microsoft SQL Server\100\DTS\Binn\;C:\Program Files (x86)\Java\jdk1.7.0_71\bin\;
USERNAME=sujata
OS=Windows_NT
PROCESSOR_IDENTIFIER=Intel64 Family 6 Model 69 Stepping 1, GenuineIntel



---------------  S Y S T E M  ---------------

OS: Windows 7 , 64 bit Build 7601 Service Pack 1

CPU:total 4 (2 cores per cpu, 2 threads per core) family 6 model 69 stepping 1, cmov, cx8, fxsr, mmx, sse, sse2, sse3, ssse3, sse4.1, sse4.2, popcnt, avx, avx2, aes, erms, ht, tsc, tscinvbit

Memory: 4k page, physical 4096188k(709100k free), swap 8190528k(2107416k free)

vm_info: Java HotSpot(TM) Client VM (24.71-b01) for windows-x86 JRE (1.7.0_71-b14), built on Sep 26 2014 16:30:49 by "java_re" with unknown MS VC++:1600

time: Thu Jul 09 10:35:41 2015
elapsed time: 21 seconds

